<?xml version="1.0" encoding="UTF-8"?>
<testsuite name="com.mindex.challenge.ChallengeApplicationTests" tests="1" skipped="0" failures="0" errors="0" timestamp="2023-04-07T22:32:42" hostname="MSI" time="0.412">
  <properties/>
  <testcase name="contextLoads" classname="com.mindex.challenge.ChallengeApplicationTests" time="0.412"/>
  <system-out><![CDATA[17:32:39.366 [Test worker] DEBUG org.springframework.boot.test.context.SpringBootTestContextBootstrapper -- Neither @ContextConfiguration nor @ContextHierarchy found for test class [ChallengeApplicationTests]: using SpringBootContextLoader
17:32:39.373 [Test worker] DEBUG org.springframework.test.context.support.AbstractContextLoader -- Could not detect default resource locations for test class [com.mindex.challenge.ChallengeApplicationTests]: no resource found for suffixes {-context.xml, Context.groovy}.
17:32:39.375 [Test worker] INFO org.springframework.test.context.support.AnnotationConfigContextLoaderUtils -- Could not detect default configuration classes for test class [com.mindex.challenge.ChallengeApplicationTests]: ChallengeApplicationTests does not declare any static, non-private, non-final, nested classes annotated with @Configuration.
17:32:39.413 [Test worker] DEBUG org.springframework.boot.test.context.SpringBootTestContextBootstrapper -- Using ContextCustomizers for test class [ChallengeApplicationTests]: [DisableObservabilityContextCustomizer, PropertyMappingContextCustomizer, Customizer, ExcludeFilterContextCustomizer, DuplicateJsonObjectContextCustomizer, MockitoContextCustomizer, TestRestTemplateContextCustomizer]
17:32:39.541 [Test worker] DEBUG org.springframework.context.annotation.ClassPathScanningCandidateComponentProvider -- Identified candidate component class: file [C:\Code\Mindex\mindex-java-code-challenge\build\classes\java\main\com\mindex\challenge\ChallengeApplication.class]
17:32:39.545 [Test worker] INFO org.springframework.boot.test.context.SpringBootTestContextBootstrapper -- Found @SpringBootConfiguration com.mindex.challenge.ChallengeApplication for test class com.mindex.challenge.ChallengeApplicationTests
17:32:39.737 [Test worker] DEBUG org.springframework.boot.test.context.SpringBootTestContextBootstrapper -- Using TestExecutionListeners for test class [ChallengeApplicationTests]: [ServletTestExecutionListener, DirtiesContextBeforeModesTestExecutionListener, ApplicationEventsTestExecutionListener, MockitoTestExecutionListener, DependencyInjectionTestExecutionListener, DirtiesContextTestExecutionListener, TransactionalTestExecutionListener, SqlScriptsTestExecutionListener, EventPublishingTestExecutionListener, RestDocsTestExecutionListener, MockRestServiceServerResetTestExecutionListener, MockMvcPrintOnlyOnFailureTestExecutionListener, WebDriverTestExecutionListener, MockWebServiceServerTestExecutionListener, ResetMocksTestExecutionListener]
17:32:39.739 [Test worker] DEBUG org.springframework.test.annotation.ProfileValueUtils -- Retrieved @ProfileValueSourceConfiguration [null] for test class [com.mindex.challenge.ChallengeApplicationTests]
17:32:39.740 [Test worker] DEBUG org.springframework.test.annotation.ProfileValueUtils -- Retrieved ProfileValueSource type [class org.springframework.test.annotation.SystemProfileValueSource] for class [com.mindex.challenge.ChallengeApplicationTests]
17:32:39.742 [Test worker] DEBUG org.springframework.test.annotation.ProfileValueUtils -- Retrieved @ProfileValueSourceConfiguration [null] for test class [com.mindex.challenge.ChallengeApplicationTests]
17:32:39.742 [Test worker] DEBUG org.springframework.test.annotation.ProfileValueUtils -- Retrieved ProfileValueSource type [class org.springframework.test.annotation.SystemProfileValueSource] for class [com.mindex.challenge.ChallengeApplicationTests]
17:32:39.743 [Test worker] DEBUG org.springframework.test.annotation.ProfileValueUtils -- Retrieved @ProfileValueSourceConfiguration [null] for test class [com.mindex.challenge.ChallengeApplicationTests]
17:32:39.745 [Test worker] DEBUG org.springframework.test.annotation.ProfileValueUtils -- Retrieved ProfileValueSource type [class org.springframework.test.annotation.SystemProfileValueSource] for class [com.mindex.challenge.ChallengeApplicationTests]
17:32:39.746 [Test worker] DEBUG org.springframework.test.annotation.ProfileValueUtils -- Retrieved @ProfileValueSourceConfiguration [null] for test class [com.mindex.challenge.ChallengeApplicationTests]
17:32:39.746 [Test worker] DEBUG org.springframework.test.annotation.ProfileValueUtils -- Retrieved ProfileValueSource type [class org.springframework.test.annotation.SystemProfileValueSource] for class [com.mindex.challenge.ChallengeApplicationTests]
17:32:39.751 [Test worker] DEBUG org.springframework.test.context.support.AbstractDirtiesContextTestExecutionListener -- Before test class: class [ChallengeApplicationTests], class annotated with @DirtiesContext [false] with mode [null]
17:32:39.753 [Test worker] DEBUG org.springframework.test.annotation.ProfileValueUtils -- Retrieved @ProfileValueSourceConfiguration [null] for test class [com.mindex.challenge.ChallengeApplicationTests]
17:32:39.753 [Test worker] DEBUG org.springframework.test.annotation.ProfileValueUtils -- Retrieved ProfileValueSource type [class org.springframework.test.annotation.SystemProfileValueSource] for class [com.mindex.challenge.ChallengeApplicationTests]

  .   ____          _            __ _ _
 /\\ / ___'_ __ _ _(_)_ __  __ _ \ \ \ \
( ( )\___ | '_ | '_| | '_ \/ _` | \ \ \ \
 \\/  ___)| |_)| | | | | || (_| |  ) ) ) )
  '  |____| .__|_| |_|_| |_\__, | / / / /
 =========|_|==============|___/=/_/_/_/
 :: Spring Boot ::                (v3.0.5)

2023-04-07T17:32:40.032-05:00  INFO 4688 --- [    Test worker] c.m.challenge.ChallengeApplicationTests  : Starting ChallengeApplicationTests using Java 18.0.2 with PID 4688 (started by micha in C:\Code\Mindex\mindex-java-code-challenge)
2023-04-07T17:32:40.033-05:00 DEBUG 4688 --- [    Test worker] c.m.challenge.ChallengeApplicationTests  : Running with Spring Boot v3.0.5, Spring v6.0.7
2023-04-07T17:32:40.036-05:00  INFO 4688 --- [    Test worker] c.m.challenge.ChallengeApplicationTests  : No active profile set, falling back to 1 default profile: "default"
2023-04-07T17:32:40.632-05:00  INFO 4688 --- [    Test worker] .s.d.r.c.RepositoryConfigurationDelegate : Bootstrapping Spring Data MongoDB repositories in DEFAULT mode.
2023-04-07T17:32:40.670-05:00  INFO 4688 --- [    Test worker] .s.d.r.c.RepositoryConfigurationDelegate : Finished Spring Data repository scanning in 33 ms. Found 2 MongoDB repository interfaces.
2023-04-07T17:32:41.431-05:00  INFO 4688 --- [    Test worker] de.bwaldvogel.mongo.MongoServer          : started MongoServer(port: 56735, ssl: false)
2023-04-07T17:32:41.540-05:00  INFO 4688 --- [    Test worker] org.mongodb.driver.client                : MongoClient with metadata {"driver": {"name": "mongo-java-driver|sync", "version": "4.8.2"}, "os": {"type": "Windows", "name": "Windows 11", "architecture": "amd64", "version": "10.0"}, "platform": "Java/Amazon.com Inc./18.0.2+9-FR"} created with settings MongoClientSettings{readPreference=primary, writeConcern=WriteConcern{w=null, wTimeout=null ms, journal=null}, retryWrites=true, retryReads=true, readConcern=ReadConcern{level=null}, credential=null, streamFactoryFactory=null, commandListeners=[], codecRegistry=ProvidersCodecRegistry{codecProviders=[ValueCodecProvider{}, BsonValueCodecProvider{}, DBRefCodecProvider{}, DBObjectCodecProvider{}, DocumentCodecProvider{}, CollectionCodecProvider{}, IterableCodecProvider{}, MapCodecProvider{}, GeoJsonCodecProvider{}, GridFSFileCodecProvider{}, Jsr310CodecProvider{}, JsonObjectCodecProvider{}, BsonCodecProvider{}, EnumCodecProvider{}, com.mongodb.Jep395RecordCodecProvider@241fbec]}, clusterSettings={hosts=[127.0.0.1:56735], srvServiceName=mongodb, mode=SINGLE, requiredClusterType=UNKNOWN, requiredReplicaSetName='null', serverSelector='null', clusterListeners='[]', serverSelectionTimeout='30000 ms', localThreshold='30000 ms'}, socketSettings=SocketSettings{connectTimeoutMS=10000, readTimeoutMS=0, receiveBufferSize=0, sendBufferSize=0}, heartbeatSocketSettings=SocketSettings{connectTimeoutMS=10000, readTimeoutMS=10000, receiveBufferSize=0, sendBufferSize=0}, connectionPoolSettings=ConnectionPoolSettings{maxSize=100, minSize=0, maxWaitTimeMS=120000, maxConnectionLifeTimeMS=0, maxConnectionIdleTimeMS=0, maintenanceInitialDelayMS=0, maintenanceFrequencyMS=60000, connectionPoolListeners=[], maxConnecting=2}, serverSettings=ServerSettings{heartbeatFrequencyMS=10000, minHeartbeatFrequencyMS=500, serverListeners='[]', serverMonitorListeners='[]'}, sslSettings=SslSettings{enabled=false, invalidHostNameAllowed=false, context=null}, applicationName='null', compressorList=[], uuidRepresentation=UNSPECIFIED, serverApi=null, autoEncryptionSettings=null, contextProvider=null}
2023-04-07T17:32:41.549-05:00  INFO 4688 --- [-server-worker2] d.b.mongo.wire.MongoWireProtocolHandler  : client [id: 0xf5c83c2d, L:/127.0.0.1:56735 - R:/127.0.0.1:56737] connected
2023-04-07T17:32:41.549-05:00  INFO 4688 --- [-server-worker1] d.b.mongo.wire.MongoWireProtocolHandler  : client [id: 0x979caf30, L:/127.0.0.1:56735 - R:/127.0.0.1:56736] connected
2023-04-07T17:32:41.605-05:00  INFO 4688 --- [127.0.0.1:56735] org.mongodb.driver.cluster               : Monitor thread successfully connected to server with description ServerDescription{address=127.0.0.1:56735, type=STANDALONE, state=CONNECTED, ok=true, minWireVersion=0, maxWireVersion=6, maxDocumentSize=16777216, logicalSessionTimeoutMinutes=null, roundTripTimeNanos=70459100}
2023-04-07T17:32:42.141-05:00  INFO 4688 --- [-server-worker3] d.b.mongo.wire.MongoWireProtocolHandler  : client [id: 0xbe1aa7b9, L:/127.0.0.1:56735 - R:/127.0.0.1:56739] connected
2023-04-07T17:32:42.177-05:00  INFO 4688 --- [-server-worker3] d.b.mongo.backend.AbstractMongoBackend   : created database test
2023-04-07T17:32:42.181-05:00  INFO 4688 --- [-server-worker3] d.b.mongo.backend.AbstractMongoDatabase  : adding unique _id index for collection employee
2023-04-07T17:32:42.185-05:00  INFO 4688 --- [-server-worker3] d.b.mongo.backend.AbstractMongoDatabase  : created collection test.employee
2023-04-07T17:32:42.731-05:00  INFO 4688 --- [    Test worker] o.s.b.a.e.web.EndpointLinksResolver      : Exposing 1 endpoint(s) beneath base path '/actuator'
2023-04-07T17:32:42.789-05:00  INFO 4688 --- [    Test worker] c.m.challenge.ChallengeApplicationTests  : Started ChallengeApplicationTests in 3.005 seconds (process running for 4.498)
]]></system-out>
  <system-err><![CDATA[]]></system-err>
</testsuite>
